Script started on 2020-10-28 11:47:15-03:00 [TERM="xterm-256color" TTY="/dev/pts/2" COLUMNS="80" LINES="24"]
]0;guilherme@Guilherme-Desk: ~/PycharmProjects/curso-django[01;32mguilherme@Guilherme-Desk[00m:[01;34m~/PycharmProjects/curso-django[00m$ pipenv script
Usage: pipenv [OPTIONS] COMMAND [ARGS]...

Error: No such command "script".
]0;guilherme@Guilherme-Desk: ~/PycharmProjects/curso-django[01;32mguilherme@Guilherme-Desk[00m:[01;34m~/PycharmProjects/curso-django[00m$ pipenv commandds
Usage: pipenv [OPTIONS] COMMAND [ARGS]...

Error: No such command "commandds".
]0;guilherme@Guilherme-Desk: ~/PycharmProjects/curso-django[01;32mguilherme@Guilherme-Desk[00m:[01;34m~/PycharmProjects/curso-django[00m$ pipenv commandds[C[1Ps[C
Usage: pipenv [OPTIONS] COMMAND [ARGS]...

Error: No such command "commands".
]0;guilherme@Guilherme-Desk: ~/PycharmProjects/curso-django[01;32mguilherme@Guilherme-Desk[00m:[01;34m~/PycharmProjects/curso-django[00m$ pipenv commands --help
Usage: pipenv [OPTIONS] COMMAND [ARGS]...

Error: No such command "commands".
]0;guilherme@Guilherme-Desk: ~/PycharmProjects/curso-django[01;32mguilherme@Guilherme-Desk[00m:[01;34m~/PycharmProjects/curso-django[00m$ pipenv commands --help[C[1P --help[1P --help[1P --help[1P --help[1P --help[1P --help[1P --help[1P --help[1P--help
Usage: [39m[1mpipenv[39m[22m [OPTIONS] COMMAND [ARGS]...

[39m[1mOptions:[39m[22m
  --where          Output project home information.
  --venv           Output virtualenv information.
  --py             Output Python interpreter information.
  --envs           Output Environment Variable options.
  --rm             Remove the virtualenv.
  --bare           Minimal output.
  --completion     Output completion (to be eval'd).
  --man            Display manpage.
  --three / --two  Use Python 3/2 when creating virtualenv.
  --python TEXT    Specify which version of Python virtualenv should use.
  --site-packages  Enable site-packages for the virtualenv.
  --version        Show the version and exit.
  -h, --help       Show this message and exit.


Usage Examples:
   Create a new project using Python 3.6, specifically:
   $ [31m[22mpipenv --python 3.6[39m[22m

   Install all dependencies for a project (including dev):
   $ [31m[22mpipenv install --dev[39m[22m

   Create a lockfile containing pre-releases:
   $ [31m[22mpipenv lock --pre[39m[22m

   Show a graph of your installed dependencies:
   $ [31m[22mpipenv graph[39m[22m

   Check your installed dependencies for security vulnerabilities:
   $ [31m[22mpipenv check[39m[22m

   Install a local setup.py into your virtual environment/Pipfile:
   $ [31m[22mpipenv install -e .[39m[22m

   Use a lower-level pip command:
   $ [31m[22mpipenv run pip freeze[39m[22m

Commands:
[31m[1m  check[39m[22m      Checks for security vulnerabilities and against PEP 508 markers
             provided in Pipfile.
[31m[1m  clean[39m[22m      Uninstalls all packages not specified in Pipfile.lock.
[31m[1m  graph[39m[22m      Displays currentlyâ€“installed dependency graph information.
[35m[1m  install[39m[22m    Installs provided packages and adds them to Pipfile, or (if none
             is given), installs all packages.
[32m[1m  lock[39m[22m       Generates Pipfile.lock.
[31m[1m  open[39m[22m       View a given module in your editor.
[33m[1m  run[39m[22m        Spawns a command installed into the virtualenv.
[33m[1m  shell[39m[22m      Spawns a shell within the virtualenv.
[32m[1m  sync[39m[22m       Installs all packages specified in Pipfile.lock.
[35m[1m  uninstall[39m[22m  Un-installs a provided package and removes it from Pipfile.
[32m[1m  update[39m[22m     Runs lock, then sync.
]0;guilherme@Guilherme-Desk: ~/PycharmProjects/curso-django[01;32mguilherme@Guilherme-Desk[00m:[01;34m~/PycharmProjects/curso-django[00m$ pipenv shell
Traceback (most recent call last):
  File "/usr/lib/python3/dist-packages/pipenv/project.py", line 346, in _parse_pipfile
    return contoml.loads(contents)
  File "/usr/lib/python3/dist-packages/pipenv/patched/contoml/__init__.py", line 14, in loads
    tokens = tuple(lexer(text, is_top_level=True))
  File "/usr/lib/python3/dist-packages/pipenv/patched/prettytoml/lexer/__init__.py", line 107, in tokenize
    raise LexerError("failed to read the next token at ({}, {}): {}".format(
prettytoml.lexer.LexerError: failed to read the next token at (13, 16): >= "3.8"


During handling of the above exception, another exception occurred:

Traceback (most recent call last):
  File "/usr/bin/pipenv", line 11, in <module>
    load_entry_point('pipenv==11.9.0', 'console_scripts', 'pipenv')()
  File "/usr/lib/python3/dist-packages/pipenv/vendor/click/core.py", line 722, in __call__
    return self.main(*args, **kwargs)
  File "/usr/lib/python3/dist-packages/pipenv/vendor/click/core.py", line 697, in main
    rv = self.invoke(ctx)
  File "/usr/lib/python3/dist-packages/pipenv/vendor/click/core.py", line 1066, in invoke
    return _process_result(sub_ctx.command.invoke(sub_ctx))
  File "/usr/lib/python3/dist-packages/pipenv/vendor/click/core.py", line 895, in invoke
    return ctx.invoke(self.callback, **ctx.params)
  File "/usr/lib/python3/dist-packages/pipenv/vendor/click/core.py", line 535, in invoke
    return callback(*args, **kwargs)
  File "/usr/lib/python3/dist-packages/pipenv/cli.py", line 571, in shell
    core.do_shell(
  File "/usr/lib/python3/dist-packages/pipenv/core.py", line 2093, in do_shell
    ensure_project(three=three, python=python, validate=False)
  File "/usr/lib/python3/dist-packages/pipenv/core.py", line 610, in ensure_project
    if project.required_python_version:
  File "/usr/lib/python3/dist-packages/pipenv/project.py", line 145, in required_python_version
    required = self.parsed_pipfile.get('requires', {}).get(
  File "/usr/lib/python3/dist-packages/pipenv/project.py", line 306, in parsed_pipfile
    parsed = self._parse_pipfile(contents)
  File "/usr/lib/python3/dist-packages/pipenv/project.py", line 349, in _parse_pipfile
    return toml.loads(contents)
  File "/usr/lib/python3/dist-packages/pipenv/vendor/toml.py", line 175, in loads
    raise TomlDecodeError("Found invalid character in key name: '" +
toml.TomlDecodeError: Found invalid character in key name: '>'. Try quoting the key name.
]0;guilherme@Guilherme-Desk: ~/PycharmProjects/curso-django[01;32mguilherme@Guilherme-Desk[00m:[01;34m~/PycharmProjects/curso-django[00m$ pipenv shell
[39m[1mSpawning environment shell ([31m[22m/bin/bash[39m[22m). Use [39m[1m'exit'[39m[22m to leave.[39m[22m
. /home/guilherme/PycharmProjects/curso-django/.venv/bin/activate
]0;guilherme@Guilherme-Desk: ~/PycharmProjects/curso-django[01;32mguilherme@Guilherme-Desk[00m:[01;34m~/PycharmProjects/curso-django[00m$ . /home/guilherme/PycharmProjects/curso-django/.venv/bin/activate
(curso-django)]0;guilherme@Guilherme-Desk: ~/PycharmProjects/curso-django[01;32mguilherme@Guilherme-Desk[00m:[01;34m~/PycharmProjects/curso-django[00m$ pipenv gl obal
Usage: pipenv [OPTIONS] COMMAND [ARGS]...

Error: No such command "global".
(curso-django)]0;guilherme@Guilherme-Desk: ~/PycharmProjects/curso-django[01;32mguilherme@Guilherme-Desk[00m:[01;34m~/PycharmProjects/curso-django[00m$ pipenv global[C[K[K[K[K[A[C[C[C[C[C[C[C[C[C[C[C[C[C[C[C[C[C[C[C[C[C[C[C[C[C[C[C[C[C[C[C[C[C[C[C[C[C[C[C[C[C[C[C[C[C[C[C[C[C[C[C[C[C[C[C[C[C[C[C[C[C[C[C[C[C[C[C[C[C[C[C[C[C[C[C[C[C[C[C[K
[K[A[C[C[C[C[C[C[C[C[C[C[C[C[C[C[C[C[C[C[C[C[C[C[C[C[C[C[C[C[C[C[C[C[C[C[C[C[C[C[C[C[C[C[C[C[C[C[C[C[C[C[C[C[C[C[C[C[C[C[C[C[C[C[C[C[C[C[C[C[C[C[C[C[C[C[C[C[C[C[C[K[K wh ich python
Usage: pipenv [OPTIONS] COMMAND [ARGS]...

Error: No such command "which".
(curso-django)]0;guilherme@Guilherme-Desk: ~/PycharmProjects/curso-django[01;32mguilherme@Guilherme-Desk[00m:[01;34m~/PycharmProjects/curso-django[00m$ pipenv which python[A(curso-django)]0;guilherme@Guilherme-Desk: ~/PycharmProjects/curso-django[01;32mguilherme@Guilherme-Desk[00m:[01;34m~/PycharmProjects/curso-django[00m$ [K
[K[A[C[C[C[C[C[C[C[C[C[C[C[C[C[C[C[C[C[C[C[C[C[C[C[C[C[C[C[C[C[C[C[C[C[C[C[C[C[C[C[C[C[C[C[C[C[C[C[C[C[C[C[C[C[C[C[C[C[C[C[C[C[C[C[C[C[C[C[C[C[C[CPython[1Pythonpython[C[C[C[C[C -v [A[C[C[C[C[C[C[C[C[C[C[C[C[C[C[C[C[C[C[C[C[C[C[C[C[C[C[C[C[C[C[C[C[C[C[C[C[C[C[C[C[C[C[C[C[C[C[C[C[C[C[C[C[C[C[C[C[C[C[C[C[C[C[C[C[C[C[C[C[C[C[C[C[C[C[C[C[C[C[C[Kv
import _frozen_importlib # frozen
import _imp # builtin
import '_thread' # <class '_frozen_importlib.BuiltinImporter'>
import '_warnings' # <class '_frozen_importlib.BuiltinImporter'>
import '_weakref' # <class '_frozen_importlib.BuiltinImporter'>
import '_frozen_importlib_external' # <class '_frozen_importlib.FrozenImporter'>
import '_io' # <class '_frozen_importlib.BuiltinImporter'>
import 'marshal' # <class '_frozen_importlib.BuiltinImporter'>
import 'posix' # <class '_frozen_importlib.BuiltinImporter'>
import _thread # previously loaded ('_thread')
import '_thread' # <class '_frozen_importlib.BuiltinImporter'>
import _weakref # previously loaded ('_weakref')
import '_weakref' # <class '_frozen_importlib.BuiltinImporter'>
# installing zipimport hook
import 'time' # <class '_frozen_importlib.BuiltinImporter'>
import 'zipimport' # <class '_frozen_importlib.FrozenImporter'>
# installed zipimport hook
# /home/guilherme/.pyenv/versions/3.8.6/lib/python3.8/encodings/__pycache__/__init__.cpython-38.pyc matches /home/guilherme/.pyenv/versions/3.8.6/lib/python3.8/encodings/__init__.py
# code object from '/home/guilherme/.pyenv/versions/3.8.6/lib/python3.8/encodings/__pycache__/__init__.cpython-38.pyc'
# /home/guilherme/.pyenv/versions/3.8.6/lib/python3.8/__pycache__/codecs.cpython-38.pyc matches /home/guilherme/.pyenv/versions/3.8.6/lib/python3.8/codecs.py
# code object from '/home/guilherme/.pyenv/versions/3.8.6/lib/python3.8/__pycache__/codecs.cpython-38.pyc'
import '_codecs' # <class '_frozen_importlib.BuiltinImporter'>
import 'codecs' # <_frozen_importlib_external.SourceFileLoader object at 0x7f3bf4fb2670>
# /home/guilherme/.pyenv/versions/3.8.6/lib/python3.8/encodings/__pycache__/aliases.cpython-38.pyc matches /home/guilherme/.pyenv/versions/3.8.6/lib/python3.8/encodings/aliases.py
# code object from '/home/guilherme/.pyenv/versions/3.8.6/lib/python3.8/encodings/__pycache__/aliases.cpython-38.pyc'
import 'encodings.aliases' # <_frozen_importlib_external.SourceFileLoader object at 0x7f3bf4f4bc40>
import 'encodings' # <_frozen_importlib_external.SourceFileLoader object at 0x7f3bf4fb2460>
# /home/guilherme/.pyenv/versions/3.8.6/lib/python3.8/encodings/__pycache__/utf_8.cpython-38.pyc matches /home/guilherme/.pyenv/versions/3.8.6/lib/python3.8/encodings/utf_8.py
# code object from '/home/guilherme/.pyenv/versions/3.8.6/lib/python3.8/encodings/__pycache__/utf_8.cpython-38.pyc'
import 'encodings.utf_8' # <_frozen_importlib_external.SourceFileLoader object at 0x7f3bf4fb28b0>
import '_signal' # <class '_frozen_importlib.BuiltinImporter'>
# /home/guilherme/.pyenv/versions/3.8.6/lib/python3.8/encodings/__pycache__/latin_1.cpython-38.pyc matches /home/guilherme/.pyenv/versions/3.8.6/lib/python3.8/encodings/latin_1.py
# code object from '/home/guilherme/.pyenv/versions/3.8.6/lib/python3.8/encodings/__pycache__/latin_1.cpython-38.pyc'
import 'encodings.latin_1' # <_frozen_importlib_external.SourceFileLoader object at 0x7f3bf4f4bd30>
# /home/guilherme/.pyenv/versions/3.8.6/lib/python3.8/__pycache__/io.cpython-38.pyc matches /home/guilherme/.pyenv/versions/3.8.6/lib/python3.8/io.py
# code object from '/home/guilherme/.pyenv/versions/3.8.6/lib/python3.8/__pycache__/io.cpython-38.pyc'
# /home/guilherme/.pyenv/versions/3.8.6/lib/python3.8/__pycache__/abc.cpython-38.pyc matches /home/guilherme/.pyenv/versions/3.8.6/lib/python3.8/abc.py
# code object from '/home/guilherme/.pyenv/versions/3.8.6/lib/python3.8/__pycache__/abc.cpython-38.pyc'
import '_abc' # <class '_frozen_importlib.BuiltinImporter'>
import 'abc' # <_frozen_importlib_external.SourceFileLoader object at 0x7f3bf4f64220>
import 'io' # <_frozen_importlib_external.SourceFileLoader object at 0x7f3bf4f4bf10>
# /home/guilherme/.pyenv/versions/3.8.6/lib/python3.8/__pycache__/site.cpython-38.pyc matches /home/guilherme/.pyenv/versions/3.8.6/lib/python3.8/site.py
# code object from '/home/guilherme/.pyenv/versions/3.8.6/lib/python3.8/__pycache__/site.cpython-38.pyc'
# /home/guilherme/.pyenv/versions/3.8.6/lib/python3.8/__pycache__/os.cpython-38.pyc matches /home/guilherme/.pyenv/versions/3.8.6/lib/python3.8/os.py
# code object from '/home/guilherme/.pyenv/versions/3.8.6/lib/python3.8/__pycache__/os.cpython-38.pyc'
# /home/guilherme/.pyenv/versions/3.8.6/lib/python3.8/__pycache__/stat.cpython-38.pyc matches /home/guilherme/.pyenv/versions/3.8.6/lib/python3.8/stat.py
# code object from '/home/guilherme/.pyenv/versions/3.8.6/lib/python3.8/__pycache__/stat.cpython-38.pyc'
import '_stat' # <class '_frozen_importlib.BuiltinImporter'>
import 'stat' # <_frozen_importlib_external.SourceFileLoader object at 0x7f3bf4f02b80>
# /home/guilherme/.pyenv/versions/3.8.6/lib/python3.8/__pycache__/_collections_abc.cpython-38.pyc matches /home/guilherme/.pyenv/versions/3.8.6/lib/python3.8/_collections_abc.py
# code object from '/home/guilherme/.pyenv/versions/3.8.6/lib/python3.8/__pycache__/_collections_abc.cpython-38.pyc'
import '_collections_abc' # <_frozen_importlib_external.SourceFileLoader object at 0x7f3bf4f02c10>
# /home/guilherme/.pyenv/versions/3.8.6/lib/python3.8/__pycache__/posixpath.cpython-38.pyc matches /home/guilherme/.pyenv/versions/3.8.6/lib/python3.8/posixpath.py
# code object from '/home/guilherme/.pyenv/versions/3.8.6/lib/python3.8/__pycache__/posixpath.cpython-38.pyc'
# /home/guilherme/.pyenv/versions/3.8.6/lib/python3.8/__pycache__/genericpath.cpython-38.pyc matches /home/guilherme/.pyenv/versions/3.8.6/lib/python3.8/genericpath.py
# code object from '/home/guilherme/.pyenv/versions/3.8.6/lib/python3.8/__pycache__/genericpath.cpython-38.pyc'
import 'genericpath' # <_frozen_importlib_external.SourceFileLoader object at 0x7f3bf4f2d550>
import 'posixpath' # <_frozen_importlib_external.SourceFileLoader object at 0x7f3bf4f02ca0>
import 'os' # <_frozen_importlib_external.SourceFileLoader object at 0x7f3bf4f772e0>
# /home/guilherme/.pyenv/versions/3.8.6/lib/python3.8/__pycache__/_sitebuiltins.cpython-38.pyc matches /home/guilherme/.pyenv/versions/3.8.6/lib/python3.8/_sitebuiltins.py
# code object from '/home/guilherme/.pyenv/versions/3.8.6/lib/python3.8/__pycache__/_sitebuiltins.cpython-38.pyc'
import '_sitebuiltins' # <_frozen_importlib_external.SourceFileLoader object at 0x7f3bf4f77b80>
# /home/guilherme/.pyenv/versions/3.8.6/lib/python3.8/__pycache__/_bootlocale.cpython-38.pyc matches /home/guilherme/.pyenv/versions/3.8.6/lib/python3.8/_bootlocale.py
# code object from '/home/guilherme/.pyenv/versions/3.8.6/lib/python3.8/__pycache__/_bootlocale.cpython-38.pyc'
import '_locale' # <class '_frozen_importlib.BuiltinImporter'>
import '_bootlocale' # <_frozen_importlib_external.SourceFileLoader object at 0x7f3bf4f2da00>
# /home/guilherme/PycharmProjects/curso-django/.venv/lib/python3.8/site-packages/__pycache__/_virtualenv.cpython-38.pyc matches /home/guilherme/PycharmProjects/curso-django/.venv/lib/python3.8/site-packages/_virtualenv.py
# code object from '/home/guilherme/PycharmProjects/curso-django/.venv/lib/python3.8/site-packages/__pycache__/_virtualenv.cpython-38.pyc'
# /home/guilherme/.pyenv/versions/3.8.6/lib/python3.8/importlib/__pycache__/__init__.cpython-38.pyc matches /home/guilherme/.pyenv/versions/3.8.6/lib/python3.8/importlib/__init__.py
# code object from '/home/guilherme/.pyenv/versions/3.8.6/lib/python3.8/importlib/__pycache__/__init__.cpython-38.pyc'
# /home/guilherme/.pyenv/versions/3.8.6/lib/python3.8/__pycache__/types.cpython-38.pyc matches /home/guilherme/.pyenv/versions/3.8.6/lib/python3.8/types.py
# code object from '/home/guilherme/.pyenv/versions/3.8.6/lib/python3.8/__pycache__/types.cpython-38.pyc'
import 'types' # <_frozen_importlib_external.SourceFileLoader object at 0x7f3bf4eaf6d0>
# /home/guilherme/.pyenv/versions/3.8.6/lib/python3.8/__pycache__/warnings.cpython-38.pyc matches /home/guilherme/.pyenv/versions/3.8.6/lib/python3.8/warnings.py
# code object from '/home/guilherme/.pyenv/versions/3.8.6/lib/python3.8/__pycache__/warnings.cpython-38.pyc'
import 'warnings' # <_frozen_importlib_external.SourceFileLoader object at 0x7f3bf4eafe20>
import 'importlib' # <_frozen_importlib_external.SourceFileLoader object at 0x7f3bf4eaf340>
# /home/guilherme/.pyenv/versions/3.8.6/lib/python3.8/importlib/__pycache__/abc.cpython-38.pyc matches /home/guilherme/.pyenv/versions/3.8.6/lib/python3.8/importlib/abc.py
# code object from '/home/guilherme/.pyenv/versions/3.8.6/lib/python3.8/importlib/__pycache__/abc.cpython-38.pyc'
# /home/guilherme/.pyenv/versions/3.8.6/lib/python3.8/importlib/__pycache__/machinery.cpython-38.pyc matches /home/guilherme/.pyenv/versions/3.8.6/lib/python3.8/importlib/machinery.py
# code object from '/home/guilherme/.pyenv/versions/3.8.6/lib/python3.8/importlib/__pycache__/machinery.cpython-38.pyc'
import 'importlib.machinery' # <_frozen_importlib_external.SourceFileLoader object at 0x7f3bf4ebddf0>
import 'importlib.abc' # <_frozen_importlib_external.SourceFileLoader object at 0x7f3bf4eaf550>
# /home/guilherme/.pyenv/versions/3.8.6/lib/python3.8/importlib/__pycache__/util.cpython-38.pyc matches /home/guilherme/.pyenv/versions/3.8.6/lib/python3.8/importlib/util.py
# code object from '/home/guilherme/.pyenv/versions/3.8.6/lib/python3.8/importlib/__pycache__/util.cpython-38.pyc'
# /home/guilherme/.pyenv/versions/3.8.6/lib/python3.8/__pycache__/contextlib.cpython-38.pyc matches /home/guilherme/.pyenv/versions/3.8.6/lib/python3.8/contextlib.py
# code object from '/home/guilherme/.pyenv/versions/3.8.6/lib/python3.8/__pycache__/contextlib.cpython-38.pyc'
# /home/guilherme/.pyenv/versions/3.8.6/lib/python3.8/collections/__pycache__/__init__.cpython-38.pyc matches /home/guilherme/.pyenv/versions/3.8.6/lib/python3.8/collections/__init__.py
# code object from '/home/guilherme/.pyenv/versions/3.8.6/lib/python3.8/collections/__pycache__/__init__.cpython-38.pyc'
# /home/guilherme/.pyenv/versions/3.8.6/lib/python3.8/__pycache__/operator.cpython-38.pyc matches /home/guilherme/.pyenv/versions/3.8.6/lib/python3.8/operator.py
# code object from '/home/guilherme/.pyenv/versions/3.8.6/lib/python3.8/__pycache__/operator.cpython-38.pyc'
import '_operator' # <class '_frozen_importlib.BuiltinImporter'>
import 'operator' # <_frozen_importlib_external.SourceFileLoader object at 0x7f3bf4e76c40>
# /home/guilherme/.pyenv/versions/3.8.6/lib/python3.8/__pycache__/keyword.cpython-38.pyc matches /home/guilherme/.pyenv/versions/3.8.6/lib/python3.8/keyword.py
# code object from '/home/guilherme/.pyenv/versions/3.8.6/lib/python3.8/__pycache__/keyword.cpython-38.pyc'
import 'keyword' # <_frozen_importlib_external.SourceFileLoader object at 0x7f3bf4e76d30>
# /home/guilherme/.pyenv/versions/3.8.6/lib/python3.8/__pycache__/heapq.cpython-38.pyc matches /home/guilherme/.pyenv/versions/3.8.6/lib/python3.8/heapq.py
# code object from '/home/guilherme/.pyenv/versions/3.8.6/lib/python3.8/__pycache__/heapq.cpython-38.pyc'
# extension module '_heapq' loaded from '/home/guilherme/.pyenv/versions/3.8.6/lib/python3.8/lib-dynload/_heapq.cpython-38-x86_64-linux-gnu.so'
# extension module '_heapq' executed from '/home/guilherme/.pyenv/versions/3.8.6/lib/python3.8/lib-dynload/_heapq.cpython-38-x86_64-linux-gnu.so'
import '_heapq' # <_frozen_importlib_external.ExtensionFileLoader object at 0x7f3bf4e7e610>
import 'heapq' # <_frozen_importlib_external.SourceFileLoader object at 0x7f3bf4e76eb0>
import 'itertools' # <class '_frozen_importlib.BuiltinImporter'>
# /home/guilherme/.pyenv/versions/3.8.6/lib/python3.8/__pycache__/reprlib.cpython-38.pyc matches /home/guilherme/.pyenv/versions/3.8.6/lib/python3.8/reprlib.py
# code object from '/home/guilherme/.pyenv/versions/3.8.6/lib/python3.8/__pycache__/reprlib.cpython-38.pyc'
import 'reprlib' # <_frozen_importlib_external.SourceFileLoader object at 0x7f3bf4e76e20>
import '_collections' # <class '_frozen_importlib.BuiltinImporter'>
import 'collections' # <_frozen_importlib_external.SourceFileLoader object at 0x7f3bf4e58e20>
# /home/guilherme/.pyenv/versions/3.8.6/lib/python3.8/__pycache__/functools.cpython-38.pyc matches /home/guilherme/.pyenv/versions/3.8.6/lib/python3.8/functools.py
# code object from '/home/guilherme/.pyenv/versions/3.8.6/lib/python3.8/__pycache__/functools.cpython-38.pyc'
import '_functools' # <class '_frozen_importlib.BuiltinImporter'>
import 'functools' # <_frozen_importlib_external.SourceFileLoader object at 0x7f3bf4e58fd0>
import 'contextlib' # <_frozen_importlib_external.SourceFileLoader object at 0x7f3bf4ecf7f0>
import 'importlib.util' # <_frozen_importlib_external.SourceFileLoader object at 0x7f3bf4ebd8e0>
# /home/guilherme/.pyenv/versions/3.8.6/lib/python3.8/__pycache__/threading.cpython-38.pyc matches /home/guilherme/.pyenv/versions/3.8.6/lib/python3.8/threading.py
# code object from '/home/guilherme/.pyenv/versions/3.8.6/lib/python3.8/__pycache__/threading.cpython-38.pyc'
# /home/guilherme/.pyenv/versions/3.8.6/lib/python3.8/__pycache__/_weakrefset.cpython-38.pyc matches /home/guilherme/.pyenv/versions/3.8.6/lib/python3.8/_weakrefset.py
# code object from '/home/guilherme/.pyenv/versions/3.8.6/lib/python3.8/__pycache__/_weakrefset.cpython-38.pyc'
import '_weakrefset' # <_frozen_importlib_external.SourceFileLoader object at 0x7f3bf4e3bdc0>
import 'threading' # <_frozen_importlib_external.SourceFileLoader object at 0x7f3bf4ecfcd0>
import '_virtualenv' # <_frozen_importlib_external.SourceFileLoader object at 0x7f3bf4f2dd60>
import 'site' # <_frozen_importlib_external.SourceFileLoader object at 0x7f3bf4f64b80>
Python 3.8.6 (default, Sep 29 2020, 16:22:10) 
[GCC 9.3.0] on linux
Type "help", "copyright", "credits" or "license" for more information.
# extension module 'readline' loaded from '/home/guilherme/.pyenv/versions/3.8.6/lib/python3.8/lib-dynload/readline.cpython-38-x86_64-linux-gnu.so'
# extension module 'readline' executed from '/home/guilherme/.pyenv/versions/3.8.6/lib/python3.8/lib-dynload/readline.cpython-38-x86_64-linux-gnu.so'
import 'readline' # <_frozen_importlib_external.ExtensionFileLoader object at 0x7f3bf4f2df10>
import 'atexit' # <class '_frozen_importlib.BuiltinImporter'>
# /home/guilherme/.pyenv/versions/3.8.6/lib/python3.8/__pycache__/rlcompleter.cpython-38.pyc matches /home/guilherme/.pyenv/versions/3.8.6/lib/python3.8/rlcompleter.py
# code object from '/home/guilherme/.pyenv/versions/3.8.6/lib/python3.8/__pycache__/rlcompleter.cpython-38.pyc'
import 'rlcompleter' # <_frozen_importlib_external.SourceFileLoader object at 0x7f3bf4e3b700>
>>> Python 3.8 (curso-django)Python 3.8 (curso-django)Python 3.8 (curso-django)e xit
  File "<stdin>", line 1
    Python 3.8 (curso-django)Python 3.8 (curso-django)Python 3.8 (curso-django)exit
           ^
SyntaxError: invalid syntax
>>> exit
Use exit() or Ctrl-D (i.e. EOF) to exit
>>> exit()
# clear builtins._
# clear sys.path
# clear sys.argv
# clear sys.ps1
# clear sys.ps2
# clear sys.last_type
# clear sys.last_value
# clear sys.last_traceback
# clear sys.path_hooks
# clear sys.path_importer_cache
# clear sys.meta_path
# clear sys.__interactivehook__
# restore sys.stdin
# restore sys.stdout
# restore sys.stderr
# cleanup[2] removing sys
# cleanup[2] removing builtins
# cleanup[2] removing _frozen_importlib
# cleanup[2] removing _imp
# cleanup[2] removing _warnings
# cleanup[2] removing _frozen_importlib_external
# cleanup[2] removing _io
# cleanup[2] removing marshal
# cleanup[2] removing posix
# cleanup[2] removing _thread
# cleanup[2] removing _weakref
# cleanup[2] removing time
# cleanup[2] removing zipimport
# destroy zipimport
# cleanup[2] removing _codecs
# cleanup[2] removing codecs
# cleanup[2] removing encodings.aliases
# cleanup[2] removing encodings
# destroy encodings
# cleanup[2] removing encodings.utf_8
# cleanup[2] removing _signal
# cleanup[2] removing __main__
# cleanup[2] removing encodings.latin_1
# cleanup[2] removing _abc
# cleanup[2] removing abc
# cleanup[2] removing io
# cleanup[2] removing _stat
# cleanup[2] removing stat
# cleanup[2] removing _collections_abc
# cleanup[2] removing genericpath
# cleanup[2] removing posixpath
# cleanup[2] removing os.path
# cleanup[2] removing os
# cleanup[2] removing _sitebuiltins
# cleanup[2] removing _locale
# cleanup[2] removing _bootlocale
# destroy _bootlocale
# cleanup[2] removing importlib._bootstrap
# cleanup[2] removing importlib._bootstrap_external
# cleanup[2] removing types
# cleanup[2] removing warnings
# cleanup[2] removing importlib
# destroy importlib
# cleanup[2] removing importlib.machinery
# cleanup[2] removing importlib.abc
# cleanup[2] removing _operator
# cleanup[2] removing operator
# destroy operator
# cleanup[2] removing keyword
# destroy keyword
# cleanup[2] removing _heapq
# cleanup[2] removing heapq
# cleanup[2] removing itertools
# cleanup[2] removing reprlib
# destroy reprlib
# cleanup[2] removing _collections
# cleanup[2] removing collections
# destroy collections
# cleanup[2] removing _functools
# cleanup[2] removing functools
# cleanup[2] removing contextlib
# destroy contextlib
# cleanup[2] removing importlib.util
# cleanup[2] removing _weakrefset
# destroy _weakrefset
# cleanup[2] removing threading
# destroy threading
# cleanup[2] removing _virtualenv
# destroy _virtualenv
# cleanup[2] removing site
# destroy site
# cleanup[2] removing readline
# cleanup[2] removing atexit
# cleanup[2] removing rlcompleter
# destroy rlcompleter
# destroy _signal
# destroy _sitebuiltins
# destroy io
# destroy _locale
# destroy importlib.util
# destroy importlib.machinery
# destroy importlib.abc
# destroy functools
# destroy types
# destroy warnings
# destroy _collections_abc
# destroy heapq
# destroy _operator
# destroy _heapq
# destroy itertools
# destroy _collections
# destroy atexit
# destroy __main__
# destroy readline
# destroy _functools
# cleanup[3] wiping importlib._bootstrap_external
# cleanup[3] wiping importlib._bootstrap
# destroy _frozen_importlib_external
# cleanup[3] wiping os
# destroy abc
# destroy posixpath
# cleanup[3] wiping genericpath
# cleanup[3] wiping stat
# cleanup[3] wiping _stat
# destroy _stat
# cleanup[3] wiping _abc
# cleanup[3] wiping encodings.latin_1
# cleanup[3] wiping encodings.utf_8
# cleanup[3] wiping encodings.aliases
# cleanup[3] wiping codecs
# cleanup[3] wiping _codecs
# cleanup[3] wiping time
# cleanup[3] wiping _weakref
# destroy _weakref
# cleanup[3] wiping _thread
# cleanup[3] wiping posix
# destroy posix
# cleanup[3] wiping marshal
# destroy marshal
# cleanup[3] wiping _io
# destroy io
# cleanup[3] wiping _warnings
# destroy _warnings
# cleanup[3] wiping _imp
# destroy _imp
# cleanup[3] wiping _frozen_importlib
# cleanup[3] wiping sys
# cleanup[3] wiping builtins
# destroy _abc
# destroy stat
# destroy genericpath
# destroy _frozen_importlib
# clear sys.audit hooks
(curso-django)]0;guilherme@Guilherme-Desk: ~/PycharmProjects/curso-django[01;32mguilherme@Guilherme-Desk[00m:[01;34m~/PycharmProjects/curso-django[00m$ python -- version
Python 3.8.6
(curso-django)]0;guilherme@Guilherme-Desk: ~/PycharmProjects/curso-django[01;32mguilherme@Guilherme-Desk[00m:[01;34m~/PycharmProjects/curso-django[00m$ python --version[A(curso-django)]0;guilherme@Guilherme-Desk: ~/PycharmProjects/curso-django[01;32mguilherme@Guilherme-Desk[00m:[01;34m~/PycharmProjects/curso-django[00m$ [K
[K[A[C[C[C[C[C[C[C[C[C[C[C[C[C[C[C[C[C[C[C[C[C[C[C[C[C[C[C[C[C[C[C[C[C[C[C[C[C[C[C[